# JRE version: Java(TM) SE Runtime Environment (8.0_05-b13) (build 1.8.0_05-b13)
# Java VM: Java HotSpot(TM) 64-Bit Server VM (25.5-b02 mixed mode windows-amd64 compressed oops)
Heap:
 PSYoungGen      total 57344K, used 46454K [0x00000000eac00000, 0x00000000ee900000, 0x0000000100000000)
  eden space 53760K, 81% used [0x00000000eac00000,0x00000000ed6b6548,0x00000000ee080000)
  from space 3584K, 75% used [0x00000000ee480000,0x00000000ee727460,0x00000000ee800000)
  to   space 4096K, 0% used [0x00000000ee080000,0x00000000ee080000,0x00000000ee480000)
 ParOldGen       total 64000K, used 9907K [0x00000000c0400000, 0x00000000c4280000, 0x00000000eac00000)
  object space 64000K, 15% used [0x00000000c0400000,0x00000000c0dacfa0,0x00000000c4280000)
 Metaspace       used 20014K, capacity 20402K, committed 20608K, reserved 1067008K
  class space    used 2423K, capacity 2575K, committed 2688K, reserved 1048576K
GC Heap History (10 events):
Event: 4.392 GC heap before
{Heap before GC invocations=12 (full 0):
 PSYoungGen      total 14848K, used 14844K [0x00000000eac00000, 0x00000000ec500000, 0x0000000100000000)
  eden space 13312K, 100% used [0x00000000eac00000,0x00000000eb900000,0x00000000eb900000)
  from space 1536K, 99% used [0x00000000eb900000,0x00000000eba7f110,0x00000000eba80000)
  to   space 2048K, 0% used [0x00000000ec300000,0x00000000ec300000,0x00000000ec500000)
 ParOldGen       total 64000K, used 3040K [0x00000000c0400000, 0x00000000c4280000, 0x00000000eac00000)
  object space 64000K, 4% used [0x00000000c0400000,0x00000000c06f8168,0x00000000c4280000)
 Metaspace       used 10738K, capacity 10996K, committed 11264K, reserved 1058816K
  class space    used 1371K, capacity 1448K, committed 1536K, reserved 1048576K
Event: 4.409 GC heap after
Heap after GC invocations=12 (full 0):
 PSYoungGen      total 23040K, used 2026K [0x00000000eac00000, 0x00000000ec600000, 0x0000000100000000)
  eden space 20992K, 0% used [0x00000000eac00000,0x00000000eac00000,0x00000000ec080000)
  from space 2048K, 98% used [0x00000000ec300000,0x00000000ec4fa870,0x00000000ec500000)
  to   space 2560K, 0% used [0x00000000ec080000,0x00000000ec080000,0x00000000ec300000)
 ParOldGen       total 64000K, used 3778K [0x00000000c0400000, 0x00000000c4280000, 0x00000000eac00000)
  object space 64000K, 5% used [0x00000000c0400000,0x00000000c07b0b20,0x00000000c4280000)
 Metaspace       used 10738K, capacity 10996K, committed 11264K, reserved 1058816K
  class space    used 1371K, capacity 1448K, committed 1536K, reserved 1048576K
}
Event: 5.713 GC heap before
{Heap before GC invocations=13 (full 0):
 PSYoungGen      total 23040K, used 23018K [0x00000000eac00000, 0x00000000ec600000, 0x0000000100000000)
  eden space 20992K, 100% used [0x00000000eac00000,0x00000000ec080000,0x00000000ec080000)
  from space 2048K, 98% used [0x00000000ec300000,0x00000000ec4fa870,0x00000000ec500000)
  to   space 2560K, 0% used [0x00000000ec080000,0x00000000ec080000,0x00000000ec300000)
 ParOldGen       total 64000K, used 3778K [0x00000000c0400000, 0x00000000c4280000, 0x00000000eac00000)
  object space 64000K, 5% used [0x00000000c0400000,0x00000000c07b0b20,0x00000000c4280000)
 Metaspace       used 13067K, capacity 13260K, committed 13568K, reserved 1060864K
  class space    used 1638K, capacity 1708K, committed 1792K, reserved 1048576K
Event: 5.750 GC heap after
Heap after GC invocations=13 (full 0):
 PSYoungGen      total 23552K, used 2537K [0x00000000eac00000, 0x00000000ed400000, 0x0000000100000000)
  eden space 20992K, 0% used [0x00000000eac00000,0x00000000eac00000,0x00000000ec080000)
  from space 2560K, 99% used [0x00000000ec080000,0x00000000ec2fa4e0,0x00000000ec300000)
  to   space 3584K, 0% used [0x00000000ed080000,0x00000000ed080000,0x00000000ed400000)
 ParOldGen       total 64000K, used 5173K [0x00000000c0400000, 0x00000000c4280000, 0x00000000eac00000)
  object space 64000K, 8% used [0x00000000c0400000,0x00000000c090d7c0,0x00000000c4280000)
 Metaspace       used 13067K, capacity 13260K, committed 13568K, reserved 1060864K
  class space    used 1638K, capacity 1708K, committed 1792K, reserved 1048576K
}
Event: 7.022 GC heap before
{Heap before GC invocations=14 (full 0):
 PSYoungGen      total 23552K, used 23529K [0x00000000eac00000, 0x00000000ed400000, 0x0000000100000000)
  eden space 20992K, 100% used [0x00000000eac00000,0x00000000ec080000,0x00000000ec080000)
  from space 2560K, 99% used [0x00000000ec080000,0x00000000ec2fa4e0,0x00000000ec300000)
  to   space 3584K, 0% used [0x00000000ed080000,0x00000000ed080000,0x00000000ed400000)
 ParOldGen       total 64000K, used 5173K [0x00000000c0400000, 0x00000000c4280000, 0x00000000eac00000)
  object space 64000K, 8% used [0x00000000c0400000,0x00000000c090d7c0,0x00000000c4280000)
 Metaspace       used 13334K, capacity 13560K, committed 13824K, reserved 1060864K
  class space    used 1660K, capacity 1742K, committed 1792K, reserved 1048576K
Event: 7.055 GC heap after
Heap after GC invocations=14 (full 0):
 PSYoungGen      total 37376K, used 1833K [0x00000000eac00000, 0x00000000ed400000, 0x0000000100000000)
  eden space 33792K, 0% used [0x00000000eac00000,0x00000000eac00000,0x00000000ecd00000)
  from space 3584K, 51% used [0x00000000ed080000,0x00000000ed24a6c0,0x00000000ed400000)
  to   space 3584K, 0% used [0x00000000ecd00000,0x00000000ecd00000,0x00000000ed080000)
 ParOldGen       total 64000K, used 6995K [0x00000000c0400000, 0x00000000c4280000, 0x00000000eac00000)
  object space 64000K, 10% used [0x00000000c0400000,0x00000000c0ad4fa0,0x00000000c4280000)
 Metaspace       used 13334K, capacity 13560K, committed 13824K, reserved 1060864K
  class space    used 1660K, capacity 1742K, committed 1792K, reserved 1048576K
}
Event: 10.317 GC heap before
{Heap before GC invocations=15 (full 0):
 PSYoungGen      total 37376K, used 35625K [0x00000000eac00000, 0x00000000ed400000, 0x0000000100000000)
  eden space 33792K, 100% used [0x00000000eac00000,0x00000000ecd00000,0x00000000ecd00000)
  from space 3584K, 51% used [0x00000000ed080000,0x00000000ed24a6c0,0x00000000ed400000)
  to   space 3584K, 0% used [0x00000000ecd00000,0x00000000ecd00000,0x00000000ed080000)
 ParOldGen       total 64000K, used 6995K [0x00000000c0400000, 0x00000000c4280000, 0x00000000eac00000)
  object space 64000K, 10% used [0x00000000c0400000,0x00000000c0ad4fa0,0x00000000c4280000)
 Metaspace       used 14341K, capacity 14670K, committed 14976K, reserved 1062912K
  class space    used 1760K, capacity 1855K, committed 1920K, reserved 1048576K
Event: 10.382 GC heap after
Heap after GC invocations=15 (full 0):
 PSYoungGen      total 37376K, used 2396K [0x00000000eac00000, 0x00000000ee800000, 0x0000000100000000)
  eden space 33792K, 0% used [0x00000000eac00000,0x00000000eac00000,0x00000000ecd00000)
  from space 3584K, 66% used [0x00000000ecd00000,0x00000000ecf57060,0x00000000ed080000)
  to   space 3584K, 0% used [0x00000000ee480000,0x00000000ee480000,0x00000000ee800000)
 ParOldGen       total 64000K, used 8411K [0x00000000c0400000, 0x00000000c4280000, 0x00000000eac00000)
  object space 64000K, 13% used [0x00000000c0400000,0x00000000c0c36fa0,0x00000000c4280000)
 Metaspace       used 14341K, capacity 14670K, committed 14976K, reserved 1062912K
  class space    used 1760K, capacity 1855K, committed 1920K, reserved 1048576K
}
Event: 13.208 GC heap before
{Heap before GC invocations=16 (full 0):
 PSYoungGen      total 37376K, used 36188K [0x00000000eac00000, 0x00000000ee800000, 0x0000000100000000)
  eden space 33792K, 100% used [0x00000000eac00000,0x00000000ecd00000,0x00000000ecd00000)
  from space 3584K, 66% used [0x00000000ecd00000,0x00000000ecf57060,0x00000000ed080000)
  to   space 3584K, 0% used [0x00000000ee480000,0x00000000ee480000,0x00000000ee800000)
 ParOldGen       total 64000K, used 8411K [0x00000000c0400000, 0x00000000c4280000, 0x00000000eac00000)
  object space 64000K, 13% used [0x00000000c0400000,0x00000000c0c36fa0,0x00000000c4280000)
 Metaspace       used 18125K, capacity 18482K, committed 18816K, reserved 1064960K
  class space    used 2247K, capacity 2383K, committed 2432K, reserved 1048576K
Event: 13.245 GC heap after
Heap after GC invocations=16 (full 0):
 PSYoungGen      total 57344K, used 2717K [0x00000000eac00000, 0x00000000ee900000, 0x0000000100000000)
  eden space 53760K, 0% used [0x00000000eac00000,0x00000000eac00000,0x00000000ee080000)
  from space 3584K, 75% used [0x00000000ee480000,0x00000000ee727460,0x00000000ee800000)
  to   space 4096K, 0% used [0x00000000ee080000,0x00000000ee080000,0x00000000ee480000)
 ParOldGen       total 64000K, used 9907K [0x00000000c0400000, 0x00000000c4280000, 0x00000000eac00000)
  object space 64000K, 15% used [0x00000000c0400000,0x00000000c0dacfa0,0x00000000c4280000)
 Metaspace       used 18125K, capacity 18482K, committed 18816K, reserved 1064960K
  class space    used 2247K, capacity 2383K, committed 2432K, reserved 1048576K
}

